#
# There is insufficient memory for the Java Runtime Environment to continue.
# Native memory allocation (malloc) failed to allocate 524288 bytes for AllocateHeap
# Possible reasons:
#   The system is out of physical RAM or swap space
#   The process is running with CompressedOops enabled, and the Java Heap may be blocking the growth of the native heap
# Possible solutions:
#   Reduce memory load on the system
#   Increase physical memory or swap space
#   Check if swap backing store is full
#   Decrease Java heap size (-Xmx/-Xms)
#   Decrease number of Java threads
#   Decrease Java thread stack sizes (-Xss)
#   Set larger code cache with -XX:ReservedCodeCacheSize=
#   JVM is running with Zero Based Compressed Oops mode in which the Java heap is
#     placed in the first 32GB address space. The Java Heap base address is the
#     maximum limit for the native heap growth. Please use -XX:HeapBaseMinAddress
#     to set the Java Heap base and to place the Java Heap above 32GB virtual address.
# This output file may be truncated or incomplete.
#
#  Out of Memory Error (./src/hotspot/share/memory/allocation.cpp:46), pid=14292, tid=12692
#
# JRE version:  (11.0.12+7) (build )
# Java VM: OpenJDK 64-Bit Server VM (11.0.12+7-b1504.28-7817840, mixed mode, tiered, compressed oops, g1 gc, windows-amd64)
# No core dump will be written. Minidumps are not enabled by default on client versions of Windows
#

---------------  S U M M A R Y ------------

Command Line: git4idea.http.GitAskPassApp Username for 'https://github.com': 

Host: Intel(R) Core(TM) i7-7500U CPU @ 2.70GHz, 4 cores, 15G,  Windows 10 , 64 bit Build 22000 (10.0.22000.434)
Time: Fri Nov 25 21:36:51 2022 Hora oficial do Brasil elapsed time: 0.032894 seconds (0d 0h 0m 0s)

---------------  T H R E A D  ---------------

Current thread (0x0000013897cbc000):  JavaThread "Unknown thread" [_thread_in_vm, id=12692, stack(0x0000002f69700000,0x0000002f69800000)]

Stack: [0x0000002f69700000,0x0000002f69800000]
Native frames: (J=compiled Java code, j=interpreted, Vv=VM code, C=native code)
V  [jvm.dll+0x5fbcea]
V  [jvm.dll+0x731905]
V  [jvm.dll+0x732f1d]
V  [jvm.dll+0x7335d3]
V  [jvm.dll+0x247bf8]
V  [jvm.dll+0xb7684]
V  [jvm.dll+0x68c0df]
V  [jvm.dll+0x68c077]
V  [jvm.dll+0x68c1fa]
V  [jvm.dll+0x70f562]
V  [jvm.dll+0x711987]
V  [jvm.dll+0x360da9]
V  [jvm.dll+0x6f390e]
V  [jvm.dll+0x3c9723]
V  [jvm.dll+0x3cb9b1]
C  [jli.dll+0x536b]
C  [ucrtbase.dll+0x26c0c]
C  [KERNEL32.DLL+0x154e0]
C  [ntdll.dll+0x485b]


---------------  P R O C E S S  ---------------

Threads class SMR info:
_java_thread_list=0x00000138959d1290, length=0, elements={
}

Java Threads: ( => current thread )

Other Threads:
  0x0000013897cd4800 GCTaskThread "GC Thread#0" [stack: 0x0000002f69800000,0x0000002f69900000] [id=4236]
  0x0000013897d2f000 ConcurrentGCThread "G1 Main Marker" [stack: 0x0000002f69900000,0x0000002f69a00000] [id=14040]
  0x0000013897d30800 ConcurrentGCThread "G1 Conc#0" [stack: 0x0000002f69a00000,0x0000002f69b00000] [id=9632]
  0x0000013897d8e000 ConcurrentGCThread "G1 Refine#0" [stack: 0x0000002f69b00000,0x0000002f69c00000] [id=13640]
  0x00000138b6278800 ConcurrentGCThread "G1 Young RemSet Sampling" [stack: 0x0000002f69c00000,0x0000002f69d00000] [id=12680]

=>0x0000013897cbc000 (exited) JavaThread "Unknown thread" [_thread_in_vm, id=12692, stack(0x0000002f69700000,0x0000002f69800000)]

Threads with active compile tasks:

VM state:not at safepoint (not fully initialized)

VM Mutex/Monitor currently owned by a thread: None

Heap address: 0x0000000702000000, size: 4064 MB, Compressed Oops mode: Zero based, Oop shift amount: 3
Narrow klass base: 0x0000000800000000, Narrow klass shift: 0
Compressed class space size: 1073741824 Address: 0x0000000800000000

GC Heap History (0 events):
No events

Deoptimization events (0 events):
No events

Classes redefined (0 events):
No events

Internal exceptions (0 events):
No events

Events (1 events):
Event: 0.018 Loaded shared library C:\Program Files\Android\Android Studio\jre\bin\zip.dll


Dynamic libraries:
0x00007ff69ff20000 - 0x00007ff69ff2a000 	C:\Program Files\Android\Android Studio\jre\bin\java.exe
0x00007fff9d000000 - 0x00007fff9d207000 	C:\Windows\SYSTEM32\ntdll.dll
0x00007fff9b420000 - 0x00007fff9b4dd000 	C:\Windows\System32\KERNEL32.DLL
0x00007fff9a4f0000 - 0x00007fff9a864000 	C:\Windows\System32\KERNELBASE.dll
0x00007fff9aa80000 - 0x00007fff9ab91000 	C:\Windows\System32\ucrtbase.dll
0x00007fff779a0000 - 0x00007fff779b9000 	C:\Program Files\Android\Android Studio\jre\bin\jli.dll
0x00007fff9c510000 - 0x00007fff9c6bc000 	C:\Windows\System32\USER32.dll
0x00007fff9aa50000 - 0x00007fff9aa76000 	C:\Windows\System32\win32u.dll
0x00007fff9c380000 - 0x00007fff9c3a9000 	C:\Windows\System32\GDI32.dll
0x00007fff9ad00000 - 0x00007fff9ae12000 	C:\Windows\System32\gdi32full.dll
0x00007fff9aba0000 - 0x00007fff9ac3d000 	C:\Windows\System32\msvcp_win.dll
0x00007fff74c70000 - 0x00007fff74c87000 	C:\Program Files\Android\Android Studio\jre\bin\VCRUNTIME140.dll
0x00007fff8a160000 - 0x00007fff8a405000 	C:\Windows\WinSxS\amd64_microsoft.windows.common-controls_6595b64144ccf1df_6.0.22000.120_none_9d947278b86cc467\COMCTL32.dll
0x00007fff9bf30000 - 0x00007fff9bfd3000 	C:\Windows\System32\msvcrt.dll
0x00007fff9b4e0000 - 0x00007fff9b511000 	C:\Windows\System32\IMM32.DLL
0x00007fff9afb0000 - 0x00007fff9b0d0000 	C:\Windows\System32\RPCRT4.dll
0x00007fff997b0000 - 0x00007fff997f2000 	C:\Windows\SYSTEM32\SspiCli.dll
0x00007fff67900000 - 0x00007fff6799d000 	C:\Program Files\Android\Android Studio\jre\bin\msvcp140.dll
0x00007fff6a0d0000 - 0x00007fff6abb5000 	C:\Program Files\Android\Android Studio\jre\bin\server\jvm.dll
0x00007fff9b0d0000 - 0x00007fff9b17e000 	C:\Windows\System32\ADVAPI32.dll
0x00007fff9c6e0000 - 0x00007fff9c77e000 	C:\Windows\System32\sechost.dll
0x00007fff9c200000 - 0x00007fff9c208000 	C:\Windows\System32\PSAPI.DLL
0x00007fff95340000 - 0x00007fff95349000 	C:\Windows\SYSTEM32\WSOCK32.dll
0x00007fff9be90000 - 0x00007fff9beff000 	C:\Windows\System32\WS2_32.dll
0x00007fff94b70000 - 0x00007fff94ba3000 	C:\Windows\SYSTEM32\WINMM.dll
0x00007fff93580000 - 0x00007fff9358a000 	C:\Windows\SYSTEM32\VERSION.dll
0x00007fff99590000 - 0x00007fff995a8000 	C:\Windows\SYSTEM32\kernel.appcore.dll
0x00007fff8ec50000 - 0x00007fff8ec61000 	C:\Program Files\Android\Android Studio\jre\bin\verify.dll
0x00007fff98200000 - 0x00007fff98421000 	C:\Windows\SYSTEM32\DBGHELP.DLL
0x00007fff8ec70000 - 0x00007fff8eca1000 	C:\Windows\SYSTEM32\dbgcore.DLL
0x00007fff9ae20000 - 0x00007fff9ae9f000 	C:\Windows\System32\bcryptPrimitives.dll
0x00007fff8ec20000 - 0x00007fff8ec49000 	C:\Program Files\Android\Android Studio\jre\bin\java.dll
0x00007fff94ea0000 - 0x00007fff94eab000 	C:\Program Files\Android\Android Studio\jre\bin\jimage.dll
0x00007fff8ec00000 - 0x00007fff8ec18000 	C:\Program Files\Android\Android Studio\jre\bin\zip.dll

dbghelp: loaded successfully - version: 4.0.5 - missing functions: none
symbol engine: initialized successfully - sym options: 0x614 - pdb path: .;C:\Program Files\Android\Android Studio\jre\bin;C:\Windows\SYSTEM32;C:\Windows\WinSxS\amd64_microsoft.windows.common-controls_6595b64144ccf1df_6.0.22000.120_none_9d947278b86cc467;C:\Program Files\Android\Android Studio\jre\bin\server

VM Arguments:
java_command: git4idea.http.GitAskPassApp Username for 'https://github.com': 
java_class_path (initial): C:/Program Files/Android/Android Studio/plugins/git4idea/lib/git4idea-rt.jar;C:/Program Files/Android/Android Studio/lib/xmlrpc-2.0.1.jar;C:/Program Files/Android/Android Studio/lib/commons-codec-1.15.jar
Launcher Type: SUN_STANDARD

[Global flags]
     intx CICompilerCount                          = 3                                         {product} {ergonomic}
     uint ConcGCThreads                            = 1                                         {product} {ergonomic}
     uint G1ConcRefinementThreads                  = 4                                         {product} {ergonomic}
   size_t G1HeapRegionSize                         = 1048576                                   {product} {ergonomic}
    uintx GCDrainStackTargetSize                   = 64                                        {product} {ergonomic}
   size_t InitialHeapSize                          = 266338304                                 {product} {ergonomic}
   size_t MarkStackSize                            = 4194304                                   {product} {ergonomic}
   size_t MaxHeapSize                              = 4261412864                                {product} {ergonomic}
   size_t MaxNewSize                               = 2556428288                                {product} {ergonomic}
   size_t MinHeapDeltaBytes                        = 1048576                                   {product} {ergonomic}
    uintx NonNMethodCodeHeapSize                   = 5830732                                {pd product} {ergonomic}
    uintx NonProfiledCodeHeapSize                  = 122913754                              {pd product} {ergonomic}
    uintx ProfiledCodeHeapSize                     = 122913754                              {pd product} {ergonomic}
    uintx ReservedCodeCacheSize                    = 251658240                              {pd product} {ergonomic}
     bool SegmentedCodeCache                       = true                                      {product} {ergonomic}
     bool UseCompressedClassPointers               = true                                 {lp64_product} {ergonomic}
     bool UseCompressedOops                        = true                                 {lp64_product} {ergonomic}
     bool UseG1GC                                  = true                                      {product} {ergonomic}
     bool UseLargePagesIndividualAllocation        = false                                  {pd product} {ergonomic}

Logging:
Log output configuration:
 #0: stdout all=warning uptime,level,tags
 #1: stderr all=off uptime,level,tags

Environment Variables:
PATH=C:\Program Files\Common Files\Oracle\Java\javapath;C:\Program Files (x86)\Common Files\Oracle\Java\javapath;C:\Windows\system32;C:\Windows;C:\Windows\System32\Wbem;C:\Windows\System32\WindowsPowerShell\v1.0\;C:\Windows\System32\OpenSSH\;C:\Program Files (x86)\NVIDIA Corporation\PhysX\Common;C:\Program Files\NVIDIA Corporation\NVIDIA NvDLISR;C:\Program Files\Microsoft VS Code\bin;C:\Program Files (x86)\dotnet\;C:\Program Files\dotnet\;C:\Program Files\MySQL\MySQL Shell 8.0\bin\;C:\Users\Admin\AppData\Local\Programs\Python\Python310\Scripts\;C:\Users\Admin\AppData\Local\Programs\Python\Python310\;C:\Users\Admin\AppData\Local\Microsoft\WindowsApps;C:\Users\Admin\AppData\Local\GitHubDesktop\bin
USERNAME=Admin
OS=Windows_NT
PROCESSOR_IDENTIFIER=Intel64 Family 6 Model 142 Stepping 9, GenuineIntel



---------------  S Y S T E M  ---------------

OS: Windows 10 , 64 bit Build 22000 (10.0.22000.434)
OS uptime: 0 days 2:19 hours
Hyper-V role detected

CPU:total 4 (initial active 4) (2 cores per cpu, 2 threads per core) family 6 model 142 stepping 9 microcode 0xde, cmov, cx8, fxsr, mmx, sse, sse2, sse3, ssse3, sse4.1, sse4.2, popcnt, avx, avx2, aes, clmul, erms, 3dnowpref, lzcnt, ht, tsc, tscinvbit, bmi1, bmi2, adx, fma

Memory: 4k page, system-wide physical 16252M (1419M free)
TotalPageFile size 16252M (AvailPageFile size 5M)
current process WorkingSet (physical memory assigned to process): 22M, peak: 22M
current process commit charge ("private bytes"): 317M, peak: 318M

vm_info: OpenJDK 64-Bit Server VM (11.0.12+7-b1504.28-7817840) for windows-amd64 JRE (11.0.12+7-b1504.28-7817840), built on Oct 13 2021 22:12:33 by "builder" with MS VC++ 14.0 (VS2015)

END.
